<?xml version="1.0" encoding="UTF-8"?>
<testsuite xmlns:xsi="http://www.w3.org/2001/XMLSchema-instance" xsi:noNamespaceSchemaLocation="https://maven.apache.org/surefire/maven-surefire-plugin/xsd/surefire-test-report.xsd" name="org.pyconiq.pyconiqassignment.bookingsTest" time="38.333" tests="6" errors="0" skipped="0" failures="0">
  <properties>
[...]
</properties>
  <testcase name="verifyDeleteBooking" classname="org.pyconiq.pyconiqassignment.bookingsTest" time="14.546"/>
  <testcase name="verifyPartialUpdate" classname="org.pyconiq.pyconiqassignment.bookingsTest" time="5.016"/>
  <testcase name="verifyGetBooking" classname="org.pyconiq.pyconiqassignment.bookingsTest" time="4.72"/>
  <testcase name="verifyCreateBooking" classname="org.pyconiq.pyconiqassignment.bookingsTest" time="2.859"/>
  <testcase name="verifyGetBookingIds" classname="org.pyconiq.pyconiqassignment.bookingsTest" time="6.47"/>
  <testcase name="verifyUpdateBooking" classname="org.pyconiq.pyconiqassignment.bookingsTest" time="4.691"/>
</testsuite>